0:100  0:100  MemLog inited, TSC freq: 2394457495
0:100  0:000  
0:100  0:000  Now is 8.3.2017,  13:54:59 (GMT)
0:100  0:000  Starting Clover revision: 4012 on American Megatrends EFI
0:100  0:000  Build with: [Args: -D NO_GRUB_DRIVERS_EMBEDDED | -D NO_GRUB_DRIVERS_EMBEDDED -D USE_LOW_EBDA -a X64 -b RELEASE -t XCODE5 -n 5 | OS: 10.12.4 | XCODE: 8.2.1]
0:100  0:000  SelfDevicePath=PciRoot(0x0)\Pci(0x1F,0x2)\Sata(0x5,0xFFFF,0x0)\HD(1,GPT,C46FA3C2-B98E-4C7E-B859-931C6EBCFA73,0x800,0xFA000) @CF62CB18
0:100  0:000  SelfDirPath = \EFI\BOOT
0:100  0:000  === [ Get Smbios ] ========================================
0:100  0:000  Type 16 Index = 0
0:100  0:000  Total Memory Slots Count = 4
0:100  0:000  Type 17 Index = 0
0:100  0:000  SmbiosTable.Type17->Speed = 1600MHz
0:100  0:000  SmbiosTable.Type17->Size = 4096MB
0:100  0:000  SmbiosTable.Type17->Bank/Device = BANK 0 ChannelA-DIMM0
0:100  0:000  SmbiosTable.Type17->Vendor = Samsung
0:100  0:000  SmbiosTable.Type17->SerialNumber = DC3861A5
0:100  0:000  SmbiosTable.Type17->PartNumber = M471B5173QB0-YK0  
0:100  0:000  Type 17 Index = 1
0:100  0:000  Ignoring insane frequency value 0MHz
0:100  0:000  SmbiosTable.Type17->Speed = 0MHz
0:100  0:000  SmbiosTable.Type17->Size = 0MB
0:100  0:000  SmbiosTable.Type17->Bank/Device = BANK 1 ChannelA-DIMM1
0:100  0:000  SmbiosTable.Type17->Vendor = <null string>
0:100  0:000  SmbiosTable.Type17->SerialNumber = <null string>
0:100  0:000  SmbiosTable.Type17->PartNumber = <null string>
0:100  0:000  Type 17 Index = 2
0:100  0:000  SmbiosTable.Type17->Speed = 1600MHz
0:100  0:000  SmbiosTable.Type17->Size = 4096MB
0:100  0:000  SmbiosTable.Type17->Bank/Device = BANK 2 ChannelB-DIMM0
0:100  0:000  SmbiosTable.Type17->Vendor = Samsung
0:100  0:000  SmbiosTable.Type17->SerialNumber = 17EF7DF2
0:100  0:000  SmbiosTable.Type17->PartNumber = M471B5173QH0-YK0  
0:100  0:000  Type 17 Index = 3
0:100  0:000  Ignoring insane frequency value 0MHz
0:100  0:000  SmbiosTable.Type17->Speed = 0MHz
0:100  0:000  SmbiosTable.Type17->Size = 0MB
0:100  0:000  SmbiosTable.Type17->Bank/Device = BANK 3 ChannelB-DIMM1
0:100  0:000  SmbiosTable.Type17->Vendor = <null string>
0:100  0:000  SmbiosTable.Type17->SerialNumber = <null string>
0:100  0:000  SmbiosTable.Type17->PartNumber = <null string>
0:100  0:000  Boot status=0
0:100  0:000  Running on: 'E400' with board 'E470'
0:100  0:000  === [ GetCPUProperties ] ==================================
0:100  0:000  CPU Vendor = 756E6547 Model=306C3
0:100  0:000   The CPU supported SSE4.1
0:100  0:000  The CPU not supported turbo
0:100  0:000  BrandString = Intel(R) Core(TM) i3-4000M CPU @ 2.40GHz
0:100  0:000  MSR 0xE2 before patch 1E008405
0:100  0:000  MSR 0xE2 is locked, PM patches will be turned on
0:100  0:000  MSR 0xE4              00021814
0:100  0:000  MSR 0xCE              00080838_F3011800
0:100  0:000  MSR 0x1A0             00850089
0:100  0:000  non-usable FLEX_RATIO = 10000
0:100  0:000  corrected FLEX_RATIO = 0
0:100  0:000  MSR 0x1B0             00000000
0:100  0:000  FSBFrequency=100MHz DMIvalue=100000kHz
0:100  0:000  Corrected FSBFrequency=100MHz
0:100  0:000  Vendor/Model/Stepping: 0x756E6547/0x3C/0x3
0:100  0:000  Family/ExtFamily: 0x6/0x0
0:100  0:000  MaxDiv/MinDiv: 24.0/8
0:100  0:000  Turbo: 24/24/24/24
0:100  0:000  Features: 0xBFEBFBFF
0:100  0:000  Threads: 4
0:100  0:000  Cores: 2
0:100  0:000  FSB: 100 MHz
0:100  0:000  CPU: 2400 MHz
0:100  0:000  TSC: 2400 MHz
0:100  0:000  PIS: 400 MHz
0:100  0:000  === [ GetDevices ] ========================================
0:100  0:000  PCI (00|00:00.00) : 8086 0C04 class=060000
0:100  0:000  PCI (00|00:02.00) : 8086 0416 class=030000
0:100  0:000   - GFX: Model=Intel HD Graphics 4600 (Intel)
0:100  0:000  PCI (00|00:03.00) : 8086 0C0C class=040300
0:100  0:000  PCI (00|00:14.00) : 8086 8C31 class=0C0330
0:100  0:000  PCI (00|00:16.00) : 8086 8C3A class=078000
0:100  0:000  PCI (00|00:16.01) : FFFF FFFF class=FFFFFF
0:100  0:000  PCI (00|00:1A.00) : 8086 8C2D class=0C0320
0:100  0:000  PCI (00|00:1B.00) : 8086 8C20 class=040300
0:100  0:000  PCI (00|00:1C.00) : 8086 8C10 class=060400
0:100  0:000  PCI (00|00:1C.01) : 8086 8C12 class=060400
0:100  0:000  PCI (00|02:00.00) : 14E4 4353 class=028000
0:100  0:000   - WIFI: Vendor=Broadcom
0:100  0:000  PCI (00|00:1C.02) : 8086 8C14 class=060400
0:100  0:000  PCI (00|03:00.00) : 10EC 8136 class=020000
0:100  0:000   - LAN: 0 Vendor=Realtek
0:100  0:000  PCI (00|00:1D.00) : 8086 8C26 class=0C0320
0:100  0:000  PCI (00|00:1F.00) : 8086 8C49 class=060100
0:100  0:000  PCI (00|00:1F.02) : 8086 8C03 class=010601
0:100  0:000  PCI (00|00:1F.03) : 8086 8C22 class=0C0500
0:100  0:000  PCI (00|00:1F.06) : FFFF FFFF class=FFFFFF
0:100  0:000  === [ GetDefaultSettings ] ================================
0:100  0:000  Clover load options size = 0 bytes
0:112  0:011  EFI\CLOVER\config.plist loaded: Success
0:112  0:000  === [ GetListOfThemes ] ===================================
0:124  0:012  - [00]: EMBEDDED
0:140  0:015  - [00]: RANDOM
0:145  0:005  - [00]: Minimalism
0:156  0:010  - [01]: El Capitan
0:169  0:013  === [ Found config plists ] ===============================
0:169  0:000  - config.plist
0:169  0:000  === [ GetEarlyUserSettings ] ==============================
0:169  0:000  timeout set to 1
0:169  0:000  Custom boot CUSTOM_BOOT_DISABLED (0x0)
0:169  0:000  FakeCPUID: 206F0
0:169  0:000  Default theme: Minimalism
0:169  0:000  === [ LoadDrivers ] =======================================
0:187  0:018  Loading AppleImageCodec-64.efi  status=Success
0:188  0:000  Loading AppleKeyAggregator-64.efi  status=Success
0:189  0:000  Loading AppleUITheme-64.efi  status=Success
0:189  0:000  Loading CsmVideoDxe-64.efi  status=Success
0:190  0:000   - driver needs connecting
0:190  0:000  Loading DataHubDxe-64.efi  status=Success
0:197  0:007  Loading EmuVariableUefi-64.efi  status=Success
0:198  0:000  EmuVariableUefi Initialize: VariableCommonInitialize = Success, orig services stored, install gEmuVariableControlProtocolGuid = Success
0:198  0:000  Loading Fat-64.efi  status=Success
0:209  0:011   - driver needs connecting
0:209  0:000  Loading FirmwareVolume-64.efi  status=Success
0:210  0:000  Loading FSInject-64.efi  status=Success
0:210  0:000  Loading OsxAptioFix2Drv-64.efi  status=Success
0:211  0:000  Loading OsxFatBinaryDrv-64.efi  status=Success
0:212  0:000  Loading PartitionDxe-64.efi  status=Success
0:212  0:000   - driver needs connecting
0:212  0:000  Loading SMCHelper-64.efi  status=Success
0:213  0:000  Loading VBoxHfs-64.efi  status=Success
0:214  0:000   - driver needs connecting
0:214  0:000  4 drivers needs connecting ...
0:214  0:000  PlatformDriverOverrideProtocol->GetDriver overriden
0:214  0:000  Partition driver loaded: CD disconnect Success
0:214  0:000  Video driver loaded: disconnect Success
0:330  0:116  Searching for invalid DiskIo BY_DRIVER connects: not found, all ok
0:348  0:018  CsmVideoDriverBindingStart
0:348  0:000  mixed support=40010
0:348  0:000  Controller is [030000]
0:348  0:000  Check for VBE
0:353  0:004   found Detail Timing 1366x768
0:353  0:000  timing string after 0xFE:AUO
         
0:353  0:000  timing string after 0xFE:B156XTN04.0 

0:353  0:000    0 1024x768 attr=9B - ok, edid-, 1024x768, working, highest, pref=0
0:353  0:000    1 640x480 attr=9B - ok, edid-, 640x480, working
0:353  0:000    2 800x600 attr=9B - ok, edid-, 800x600, working
0:353  0:000    3 1366x768 attr=9B - ok, edid+, working, highest, pref=3
0:353  0:000  CsmVideo: New mode: 3 1366x768 - set
0:500  0:146   - SetMode pref 3 (3) = Success
0:500  0:000  CsmVideoCheckForVbe - Success
0:500  0:000  CsmVideoDriverBindingStart end Success
0:500  0:000  CsmVideo: New mode: 1 640x480 - blocking that switch
0:711  0:210  EmuVariable InstallEmulation: orig vars copied, emu.var.services installed, CreateEvent VirtualAddressChange = Success, CreateEvent ExitBootServices = Success, set Status=Success
0:717  0:006  === [ InitScreen ] ========================================
0:717  0:000  SetScreenResolution: 1366x768 - already set
0:717  0:000  Console modes reported: 4, available modes:
0:717  0:000   - [01]: 80x25 (current mode)
0:717  0:000   - [03]: 100x31
0:717  0:000   - [04]: 170x40
0:717  0:000  reinit: self device path=PciRoot(0x0)\Pci(0x1F,0x2)\Sata(0x5,0xFFFF,0x0)\HD(1,GPT,C46FA3C2-B98E-4C7E-B859-931C6EBCFA73,0x800,0xFA000)
0:718  0:000  Using embedded font: Success
0:719  0:001  === [ GetMacAddress ] =====================================
0:719  0:000   get legacy LAN MAC, 1 card found
0:719  0:000  Legacy MAC address of LAN #0= FF:FF:FF:FF:FF:FF:
0:719  0:000  === [ ScanSPD ] ===========================================
0:720  0:000  SMBus device : 8086 8C22 class=0C0500 status=Success
0:720  0:000  SMBus CmdReg: 0x3
0:720  0:000  Scanning SMBus [8086:8C22], mmio: 0xF7D19004, ioport: 0xF040, hostc: 0x11
0:720  0:000  Slots to scan [8]...
0:720  0:000  SPD[0]: Type 11 @0x50
0:739  0:018  DDR speed 1600MHz
0:739  0:000  Slot: 0 Type 24 4096MB 1600MHz Vendor=Samsung PartNo=M471B5173QB0-YK0 SerialNo=0D0C030806010A05
0:739  0:000  SPD[2]: Type 11 @0x52
0:758  0:018  DDR speed 1600MHz
0:758  0:000  Slot: 2 Type 24 4096MB 1600MHz Vendor=Samsung PartNo=M471B5173QH0-YK0 SerialNo=01070E0F070D0F02
0:758  0:000  === [ GetAcpiTablesList ] =================================
0:758  0:000  Get Acpi Tables List from RSDT:
0:758  0:000   - [00]: FACP  PARADISE len=132
0:758  0:000   - [01]: APIC  PARADISE len=114
0:758  0:000   - [02]: FPDT  PARADISE len=68
0:758  0:000   - [03]: LPIT  A M I len=92
0:758  0:000   - [04]: SSDT  sensrhub len=552
0:758  0:000   - [05]: SSDT  zpodd len=399
0:758  0:000   - [06]: SLIC  PARADISE len=374
0:758  0:000   - [07]: SSDT  Cpu0Ist len=1337
0:758  0:000   - [08]: SSDT  CpuPm len=2776
0:758  0:000   - [09]: MCFG  A M I len=60
0:758  0:000   - [10]: HPET  A M I len=56
0:758  0:000   - [11]: SSDT  SataTabl len=789
0:758  0:000   - [12]: SSDT  SaSsdt  len=13156
0:758  0:000   - [13]: BGRT  A M I len=56
0:758  0:000  Calibrated TSC frequency =2394457495 =2394MHz
0:759  0:000  === [ GetUserSettings ] ===================================
0:759  0:000  USB FixOwnership: yes
0:759  0:000  Dropping 3 tables:
0:759  0:000   - [00]: Drop table  signature="DMAR" (52414D44)
0:759  0:000           - set table: 52414D44,                0 to drop: no
0:759  0:000   - [01]: Drop table  signature="SSDT" (54445353) table-id="Cpu0Ist" (0074734930757043)
0:759  0:000           - set table: 54445353,   74734930757043 to drop: yes
0:759  0:000   - [02]: Drop table  signature="SSDT" (54445353) table-id="CpuPm" (0000006D50757043)
0:759  0:000           - set table: 54445353,       6D50757043 to drop: yes
0:759  0:000   - final DSDT Fix mask=1FE6F9D7
0:759  0:000  ChassisType: 0x8
0:771  0:012  === [ ScanVolumes ] =======================================
0:771  0:000  Found 9 volumes with blockIO
0:771  0:000  - [00]: Volume: PciRoot(0x0)\Pci(0x1F,0x2)\Sata(0x0,0xFFFF,0x0)
0:771  0:000          Found optical drive
0:771  0:000  - [01]: Volume: PciRoot(0x0)\Pci(0x1F,0x2)\Sata(0x5,0xFFFF,0x0)
0:780  0:008  - [02]: Volume: PciRoot(0x0)\Pci(0x1F,0x2)\Sata(0x5,0xFFFF,0x0)\HD(1,GPT,C46FA3C2-B98E-4C7E-B859-931C6EBCFA73,0x800,0xFA000)
0:787  0:007          Result of bootcode detection: bootable Windows (vista,win)
0:791  0:003          This is SelfVolume !!
0:791  0:000  - [03]: Volume: PciRoot(0x0)\Pci(0x1F,0x2)\Sata(0x5,0xFFFF,0x0)\HD(2,GPT,363D6162-5CD6-4EBB-9F93-C723D38F9114,0xFA800,0x6378000)
0:804  0:012          Result of bootcode detection: bootable Windows (vista,win)
0:804  0:000  - [04]: Volume: PciRoot(0x0)\Pci(0x1F,0x2)\Sata(0x5,0xFFFF,0x0)\HD(3,GPT,8C43EBB9-73B6-4893-A0D6-027C347CD3E9,0x6472800,0x62CA8E0)
0:822  0:017  - [05]: Volume: PciRoot(0x0)\Pci(0x1F,0x2)\Sata(0x5,0xFFFF,0x0)\HD(4,GPT,3B9C05BF-0E78-40AF-BCBD-D97277F81391,0xC73D0E0,0x135F20)
0:834  0:011  - [06]: Volume: PciRoot(0x0)\Pci(0x1F,0x2)\Sata(0x5,0xFFFF,0x0)\HD(5,GPT,C255BE98-830E-4DF5-9F37-0A1C60DC0418,0xC873000,0x18312810)
0:843  0:009          Result of bootcode detection: bootable Windows (vista,win)
0:852  0:009  - [07]: Volume: PciRoot(0x0)\Pci(0x1F,0x2)\Sata(0x5,0xFFFF,0x0)\HD(6,GPT,41FA3B46-96F0-4621-AA41-477B7CB95CD7,0x24B85810,0xF400800)
0:876  0:023          Result of bootcode detection: bootable Windows (vista,win)
0:876  0:000  - [08]: Volume: PciRoot(0x0)\Pci(0x1F,0x2)\Sata(0x5,0xFFFF,0x0)\HD(7,GPT,45E498BB-E36E-4117-AE21-D264583C199D,0x33F86010,0x63FFFFF)
0:895  0:018          Result of bootcode detection: bootable Windows (vista,win)
0:959  0:063  Loading nvram.plist from Vol 'EFI' - loaded, size=3306
0:973  0:013  === [ PutNvramPlistToRtVars ] =============================
0:973  0:000   Adding Key: Clover.KeepBackupLimit: Size = 1, Data: 30 
0:973  0:000   Adding Key: Clover.MountEFI: Size = 36, Data: 44 37 44 37 42 46 41 39 2D 38 44 43 42 2D 34 37 41 30 2D 42 45 34 38 2D 33 33 45 36 45 32 38 31 37 45 30 44 
0:973  0:000   Adding Key: Clover.Theme: Size = 10, Data: 45 6C 20 43 61 70 69 74 61 6E 
0:973  0:000   Adding Key: EFILoginHiDPI: Size = 4, Data: 00 00 00 00 
0:973  0:000   Skipping EmuVariableUefiPresent
0:973  0:000   Adding Key: LocationServicesEnabled: Size = 1, Data: 01 
0:973  0:000   Adding Key: backlight-level: Size = 2, Data: D8 0A 
0:973  0:000   Adding Key: bootercfg: Size = 2, Data: 28 00 
0:973  0:000   Adding Key: csr-active-config: Size = 4, Data: 67 00 00 00 
0:973  0:000   Adding Key: efi-boot-device: String: Size = 363, Val = '<array><dict><key>IOMatch</key><dict><key>IOProviderClass</key><string>IOMedia</string><key>IOPropertyMatch</key><dict><key>UUID</key><string>8C43EBB9-73B6-4893-A0D6-027C347CD3E9</string></dict></dict><key>BLLastBSDName</key><string>disk0s3</string></dict><dict><key>IOEFIBootOption</key><string>config="\macOS Install Data\com.apple.Boot"</string></dict></array>'
0:973  0:000   Adding Key: efi-boot-device-data: Size = 74, Data: 02 01 0C 00 D0 41 03 0A 00 00 00 00 01 01 06 00 02 1F 03 12 0A 00 05 00 00 00 00 00 04 01 2A 00 03 00 00 00 00 28 47 06 00 00 00 00 E0 A8 2C 06 00 00 00 00 B9 EB 43 8C B6 73 93 48 A0 D6 02 7C 34 7C D3 E9 02 02 7F FF 04 00 
0:973  0:000   Adding Key: fakesmc-key-#KEY-ui32: Size = 4, Data: 00 00 00 12 
0:973  0:000   Adding Key: fakesmc-key-$Adr-ui32: Size = 4, Data: 00 00 03 00 
0:973  0:000   Adding Key: fakesmc-key-$Num-ui8: Size = 1, Data: 01 
0:973  0:000   Adding Key: fakesmc-key-BATP-flag: Size = 1, Data: 00 
0:973  0:000   Adding Key: fakesmc-key-BBIN-ui8: Size = 1, Data: 01 
0:973  0:000   Adding Key: fakesmc-key-BEMB-flag: Size = 1, Data: 01 
0:973  0:000   Adding Key: fakesmc-key-BNum-ui8: Size = 1, Data: 01 
0:973  0:000   Adding Key: fakesmc-key-EPCI-ui32: Size = 4, Data: 07 B0 F0 00 
0:973  0:000   Adding Key: fakesmc-key-MSAc-ui16: Size = 2, Data: 00 00 
0:973  0:000   Adding Key: fakesmc-key-MSFW-ui8: Size = 2, Data: 01 00 
0:973  0:000   Adding Key: fakesmc-key-MSLD-ui8: Size = 1, Data: 00 
0:973  0:000   Adding Key: fakesmc-key-MSPS-ui16: Size = 2, Data: 00 03 
0:973  0:000   Adding Key: fakesmc-key-MSTc-ui8: Size = 1, Data: 00 
0:973  0:000   Adding Key: fakesmc-key-MSWr-ui8: Size = 1, Data: 00 
0:973  0:000   Adding Key: fakesmc-key-RBr -ch8*: Size = 8, Data: 6A 34 34 00 34 33 00 00 
0:973  0:000   Adding Key: fakesmc-key-REV -ch8*: Size = 6, Data: 02 16 0F 00 00 68 
0:973  0:000   Adding Key: fakesmc-key-RMde-char: Size = 1, Data: 41 
0:973  0:000   Adding Key: fakesmc-key-RPlt-ch8*: Size = 8, Data: 6A 34 34 00 00 00 00 00 
0:973  0:000   Adding Key: flagstate: Size = 32, Data: 00 00 00 00 00 00 00 00 00 00 00 00 00 00 00 00 00 00 00 00 00 00 00 00 00 00 00 00 00 00 00 00 
0:973  0:000   Adding Key: fmm-computer-name: Size = 20, Data: E5 BC A0 E8 AF 9A E7 9A 84 4D 61 63 42 6F 6F 6B 20 50 72 6F 
0:973  0:000   Adding Key: install-product-url: Size = 73, Data: 78 2D 6F 73 70 72 6F 64 75 63 74 3A 2F 2F 32 41 38 31 33 38 42 43 2D 39 42 41 46 2D 33 35 33 38 2D 42 42 41 31 2D 39 35 37 39 39 46 46 37 45 31 37 36 2F 6D 61 63 4F 53 25 32 30 49 6E 73 74 61 6C 6C 25 32 30 44 61 74 61 
0:973  0:000   Adding Key: nvda_drv: Size = 2, Data: 31 00 
0:973  0:000   Adding Key: prev-lang:kbd: Size = 9, Data: 7A 68 2D 48 61 6E 73 3A 30 
0:973  0:000   Adding Key: rc_imgsrc_info: Size = 91, Data: 62 70 6C 69 73 74 30 30 A1 01 D1 02 03 5F 10 24 32 41 38 31 33 38 42 43 2D 39 42 41 46 2D 33 35 33 38 2D 42 42 41 31 2D 39 35 37 39 39 46 46 37 45 31 37 36 52 6F 73 08 0A 0D 34 00 00 00 00 00 00 01 01 00 00 00 00 00 00 00 04 00 00 00 00 00 00 00 00 00 00 00 00 00 00 00 37 
0:973  0:000   Adding Key: security-mode: String: Size = 4, Val = 'none'
0:973  0:000   Adding Key: specialbootdevice: Size = 74, Data: 02 01 0C 00 D0 41 03 0A 00 00 00 00 01 01 06 00 02 1F 03 12 0A 00 05 00 FF FF 00 00 04 01 2A 00 03 00 00 00 00 28 47 06 00 00 00 00 E0 A8 2C 06 00 00 00 00 B9 EB 43 8C B6 73 93 48 A0 D6 02 7C 34 7C D3 E9 02 02 7F FF 04 00 
0:973  0:000  === [ InitTheme ] =========================================
0:981  0:008  Using theme 'El Capitan' (EFI\CLOVER\themes\El Capitan)
0:981  0:000  theme El Capitan defined in NVRAM found and theme.plist parsed
0:981  0:000  OS main and drive as badge
0:981  0:000  Warning! Character width 23 should be even!
0:986  0:005  Loading font from ThemeDir: Success
0:987  0:000  Choosing theme El Capitan
0:987  0:000  after NVRAM boot-args=nv_disable=1 kext-dev-mode=1
0:987  0:000  === [ Dump SMC keys from NVRAM ] ==========================
0:987  0:000  found AppleSMC protocol
0:987  0:000  === [ ScanLoader ] ========================================
0:987  0:000  - [02]: 'EFI'
0:992  0:004          AddLoaderEntry for Volume Name=EFI
1:031  0:039  - [03]: 'ûß'
1:256  0:225  - [04]: 'os'
1:284  0:027          AddLoaderEntry for Volume Name=os
1:314  0:030      Check if volume Is Hibernated:
1:314  0:000      Check sleep image 'by signature':
1:353  0:039      read prefs \Library\Preferences\SystemConfiguration\com.apple.PowerManagement.plist status=Success
1:354  0:000      SleepImage name from pref: ImageVolume = 'os', ImageName = '\private\var\vm\sleepimage'
1:401  0:046      no valid sleep image offset was found
1:401  0:000       sleepimage offset could not be acquired
1:401  0:000      hibernated: no - sign
1:419  0:018          [!] Icon 17 (icons\vol_internal_hfs.icns) not found (path: EFI\CLOVER\themes\El Capitan)
1:433  0:014  - [05]: 'Recovery HD'
1:448  0:014          AddLoaderEntry for Volume Name=Recovery HD
1:476  0:028  - [06]: 'oö'
1:488  0:012  - [07]: '‡c'
1:501  0:012  - [08]: 'ý'
1:513  0:012  Scanning legacy ...
1:513  0:000   2: 'EFI' (vista,win) add legacy
1:514  0:001   added 'Boot Windows from EFI' OSType=2 Icon=vista,win
1:514  0:000   3: 'ûß' (vista,win) add legacy
1:516  0:001   added 'Boot Windows from ûß' OSType=2 Icon=vista,win
1:516  0:000   6: 'oö' (vista,win) add legacy
1:517  0:001   added 'Boot Windows from oö' OSType=2 Icon=vista,win
1:517  0:000   7: '‡c' (vista,win) add legacy
1:519  0:001   added 'Boot Windows from ‡c' OSType=2 Icon=vista,win
1:519  0:000   8: 'ý' (vista,win) add legacy
1:520  0:001   added 'Boot Windows from ý' OSType=2 Icon=vista,win
1:520  0:000  === [ AddCustomTool ] =====================================
1:556  0:035  found tool \EFI\CLOVER\tools\Shell64U.efi
1:556  0:000  Checking EFI partition Volume 2 for Clover
1:556  0:000   Found Clover
1:562  0:006  EmuVariable UninstallEmulation: CloseEvent = Success, original var services restored
1:566  0:003  EmuVariable InstallEmulation: orig vars copied, emu.var.services installed, CreateEvent VirtualAddressChange = Success, CreateEvent ExitBootServices = Success, set Status=Success
1:573  0:006  === [ GetEfiBootDeviceFromNvram ] =========================
1:573  0:000   - efi-boot-device-data: PciRoot(0x0)\Pci(0x1F,0x2)\Sata(0x5,0x0,0x0)\HD(3,GPT,8C43EBB9-73B6-4893-A0D6-027C347CD3E9,0x6472800,0x62CA8E0)
1:573  0:000    - Volume: 'PciRoot(0x0)\Pci(0x1F,0x2)\Sata(0x5,0x0,0x0)\HD(3,GPT,8C43EBB9-73B6-4893-A0D6-027C347CD3E9,0x6472800,0x62CA8E0)'
1:573  0:000    - LoaderPath: '<null string>'
1:573  0:000    - Guid = 8C43EBB9-73B6-4893-A0D6-027C347CD3E9
1:573  0:000  === [ FindStartupDiskVolume ] =============================
1:573  0:000    - Volume: partition = PciRoot(0x0)\Pci(0x1F,0x2)\Sata(0x5,0x0,0x0)\HD(3,GPT,8C43EBB9-73B6-4893-A0D6-027C347CD3E9,0x6472800,0x62CA8E0)
1:573  0:000     - searching for that partition
1:573  0:000      - found entry 1. 'Boot macOS from os', Volume 'os'
1:573  0:000  Boot redirected to Entry 1. 'Boot macOS from os'
1:573  0:000  EmuVariable UninstallEmulation: CloseEvent = Success, original var services restored
1:573  0:000  DefaultIndex=1 and MainMenu.EntryCount=14
2:132  0:558  GUI ready
25:714  23:582  BootVariable of the entry is empty
25:714  0:000  === [ StartLoader ] =======================================
25:714  0:000  Finally: Bus=99769kHz CPU=2394MHz
25:714  0:000  Loading boot.efi  status=Success
26:183  0:469  GetOSVersion: 10.11.6 (15G1217)
26:183  0:000  CSR_CFG: CSR_ALLOW_UNTRUSTED_KEXTS | CSR_ALLOW_UNRESTRICTED_FS | CSR_ALLOW_TASK_FOR_PID | CSR_ALLOW_UNRESTRICTED_DTRACE | CSR_ALLOW_UNRESTRICTED_NVRAM
26:183  0:000  EmuVariable InstallEmulation: orig vars copied, emu.var.services installed, CreateEvent VirtualAddressChange = Success, CreateEvent ExitBootServices = Success, set Status=Success
26:190  0:007  === [ PatchSmbios ] =======================================
26:190  0:000  insert table 9 for dev 0:0
26:190  0:000  insert table 9 for dev 0:0
26:191  0:001  Channels: 2
26:191  0:000  Interleave: 0 2 1 3 4 6 5 7 8 10 9 11 12 14 13 15 16 18 17 19 20 22 21 23
26:191  0:000  SMBIOS Type 17 Index = 0 => 0 0:
26:191  0:000  BANK0 DIMM0 1600MHz 4096MB
26:191  0:000  SMBIOS Type 17 Index = 1 => 2 2:
26:191  0:000  BANK1 DIMM0 1600MHz 4096MB
26:191  0:000  mTotalSystemMemory = 8192
26:191  0:000  NumberOfMemoryDevices = 2
26:192  0:000  Type20[0]->End = 0x3FFFFF, Type17[0] = 0x1000
26:192  0:000  Type20[1]->End = 0x7FFFFF, Type17[1] = 0x3000
26:192  0:000  Table 131 is present, CPUType=31
26:192  0:000  Change to: 905
26:192  0:000  === [ PatchACPI ] =========================================
26:192  0:000  RSDT 0xDBA12028
26:192  0:000  FADT from RSDT: 0xDBA12130
26:192  0:000  XSDT 0xDBA12088
26:192  0:000  FADT from XSDT: 0xDBA21D48
26:192  0:000  Xsdt reallocation done
26:192  0:000  old FADT length=10C
26:192  0:000  Found OperationRegion(GNVS, SystemMemory, DBA3DC18, ...)
26:192  0:000  Found OperationRegion(MCHT, SystemMemory, FED10000, ...)
26:192  0:000  Found OperationRegion(RCRB, SystemMemory, FED1C000, ...)
26:192  0:000  Found OperationRegion(MCA1, SystemMemory, F7FE0000, ...)
26:192  0:000  Found OperationRegion(MCA1, SystemMemory, F7FE0000, ...)
26:192  0:000  Found OperationRegion(CPSB, SystemMemory, DB3B0E18, ...)
26:192  0:000  Found OperationRegion(TMMB, SystemMemory, FED40000, ...)
26:227  0:035  Apply DsdtFixMask=0x1FE6F9D7
26:227  0:000     drop _DSM mask=0x18FE
26:227  0:000  === [ FixBiosDsdt ] =======================================
26:227  0:000  VideoCard devID=0x4168086
26:227  0:000  DisplayADR1[0] = 0x20000, DisplayADR2[0] = 0xFFFE
26:340  0:112  USBADR[0] = 0x140000 and PCIe = 0xFFFE
26:340  0:000  USBADR[1] = 0x1A0000 and PCIe = 0xFFFE
26:453  0:113  Found Airport BCM at 0x1C0001, 0x0
26:453  0:000  USBADR[2] = 0x1D0000 and PCIe = 0xFFFE
26:453  0:000  first CPU found at AE2B offset AE2F
26:453  0:000  score candidate at AE27
26:453  0:000  score inserted in acpi_cpu_score _PR_
26:453  0:000  Found ACPI CPU: CPU0 | CPU1 | CPU2 | CPU3 | CPU4 | CPU5 | CPU6 | CPU7 , within the score: _PR_
26:454  0:000  Found PCIROOTUID = 0
26:454  0:000  Start RTC Fix
26:454  0:000  found RTC Length not match, Maybe will case CMOS reset will patch it.
26:454  0:000  found RTC had IRQNoFlag will move -3 bytes
26:454  0:000  ...len=FBC8
26:454  0:000  new size written to 2422 shift=0 len=FBC8
26:454  0:000  len after correct outers FBC8
26:454  0:000  Start TMR Fix
26:454  0:000  Start PIC Fix
26:454  0:000  PIC size=A5 at 21A6
26:454  0:000  found CRS at 21BA size 8D
26:454  0:000  found PIC had IRQNoFlag will move -3 bytes
26:454  0:000  Fix Device PIC size -3
26:454  0:000  Start HPET Fix
26:454  0:000  Start NetWork Fix
26:455  0:000  found NetWork device [0x001C0002:0] at 378C and Name is PXSX
26:455  0:000  NetworkADR1=1C0002 NetworkADR2=0
26:455  0:000  network DSM created, size=84
26:455  0:000  Start Airport Fix
26:455  0:000  found Airport device [001C0001:0] at 3451 And Name is PXSX
26:455  0:000  Name PXSX present at 0x27B, renaming to ARPT
26:455  0:000  Name PXSX present at 0x31C, renaming to ARPT
26:455  0:000  AirportADR=3451 add patch size=A2
26:455  0:000  adr 3451 size of arpt=27
26:455  0:000  Start SBUS Fix PCI=1165 len=FC78
26:456  0:000  device (SBUS) found at A1EB
26:456  0:000  SBUS code size fix = 0x0000005D
26:456  0:000  patch HDEF in DSDT 
26:456  0:000  Start HDA Fix
26:456  0:000  found HDA device NAME(_ADR,0x001B0000) And Name is HDEF
26:456  0:000  NewName HDEF already present, renaming impossibble
26:456  0:000  Start USB Fix
26:456  0:000  USB bridge[140000] at 5B4E, size = 158C
26:457  0:000  USB bridge[1A0000] at 5768, size = 3E4
26:457  0:000   found slave _DSM, skip
26:457  0:000  USB bridge[1D0000] at 51DE, size = 588
26:457  0:000   found slave _DSM, skip
26:457  0:000  Start _WAK Return Fix
26:458  0:000  _WAK Method find return data, don't need to patch.
26:458  0:000  return len=FE20
26:458  0:000   deleting device CRT_
26:458  0:000   deleting device DVI_
26:458  0:000   deleting device SPKR
26:458  0:000   deleting device ECP_
26:459  0:000   deleting device LPT_
26:459  0:000   deleting device FDC0
26:459  0:000   deleting device ECP1
26:459  0:000   deleting device LPT1
26:460  0:001  Start PNLF Fix
26:460  0:000  found PWRB at 4A58
26:461  0:000  Start _S3D Fix
26:461  0:000    indirect name=SRCB
26:461  0:000    indirect name=SRMB
26:461  0:000    indirect name=SRMB
26:461  0:000  Start ADP1 fix
26:461  0:000  NewName ADP1 already present, renaming impossibble
26:461  0:000  Start Darwin Fix
26:461  0:000  Name _OSI present at 0xC7C2, renaming to OOSI
26:461  0:000  Name _OSI present at 0xC7C9, renaming to OOSI
26:461  0:000  Name _OSI present at 0xC7E5, renaming to OOSI
26:461  0:000  Name _OSI present at 0xC805, renaming to OOSI
26:461  0:000  Name _OSI present at 0xC825, renaming to OOSI
26:461  0:000  Name _OSI present at 0xC843, renaming to OOSI
26:461  0:000  Name _OSI present at 0xC85F, renaming to OOSI
26:461  0:000  Name _OSI present at 0xC87B, renaming to OOSI
26:461  0:000  Name _OSI present at 0xC897, renaming to OOSI
26:461  0:000  Name _OSI present at 0xD451, renaming to OOSI
26:462  0:000  Start SHUTDOWN Fix len=FF01
26:462  0:000  === [ ACPIDropTables ] ====================================
26:462  0:000  Drop tables from Xsdt, SIGN=SSDT TableID=CpuPm Length=2776
26:462  0:000   Xsdt has tables count=14
26:462  0:000   Table: SSDT  CpuPm  2776 dropped
26:462  0:000  Drop tables from Xsdt, SIGN=SSDT TableID=Cpu0Ist Length=1337
26:462  0:000   Xsdt has tables count=13
26:462  0:000   Table: SSDT  Cpu0Ist  1337 dropped
26:462  0:000  === [ PatchAllSSDT ] ======================================
26:462  0:000  Patch table: SSDT  sensrhub len=0x228
26:462  0:000  Patch table: SSDT  zpodd len=0x18F
26:462  0:000  Patch table: SSDT  SataTabl len=0x315
26:462  0:000  Patch table: SSDT  SaSsdt  len=0x3364
26:462  0:000  Drop tables from Xsdt, SIGN=XXXX TableID= Length=0
26:462  0:000   Xsdt has tables count=12
26:462  0:000  CPUBase=0 and ApicCPUBase=1 ApicCPUNum=4
26:462  0:000  Maximum control=0x18
26:462  0:000  P-States: min 0x8, max 0x18
26:462  0:000  SSDT with CPU P-States generated successfully
26:462  0:000  SSDT with CPU C-States generated successfully
26:462  0:000  === [ RestSetup macOS ] ===================================
26:462  0:000  EdidDiscovered size=128
26:462  0:000  000  |  00  FF  FF  FF  FF  FF  FF  00  06  AF
26:462  0:000  010  |  EC  40  00  00  00  00  29  17  01  04
26:462  0:000  020  |  95  22  13  78  02  BB  F5  94  55  54
26:462  0:000  030  |  90  27  23  50  54  00  00  00  01  01
26:462  0:000  040  |  01  01  01  01  01  01  01  01  01  01
26:462  0:000  050  |  01  01  01  01  CE  1D  56  C0  50  00
26:462  0:000  060  |  30  30  08  0A  31  00  58  C1  10  00
26:462  0:000  070  |  00  18  00  00  00  0F  00  00  00  00
26:462  0:000  080  |  00  00  00  00  00  00  00  00  00  20
26:462  0:000  090  |  00  00  00  FE  00  41  55  4F  0A  20
26:462  0:000  100  |  20  20  20  20  20  20  20  20  00  00
26:462  0:000  110  |  00  FE  00  42  31  35  36  58  54  4E
26:462  0:000  120  |  30  34  2E  30  20  0A  00  EE
26:462  0:000  Intel Intel HD Graphics 4600 [8086:0416] :: PciRoot(0x0)\Pci(0x2,0x0)
26:462  0:000  Intel GFX revision  =0x6
26:574  0:112   codec not detected
26:688  0:113   codec not detected
26:688  0:000  stringlength = 3106
26:688  0:000  CurrentMode: Width=1366 Height=768
26:688  0:000  Beginning FSInjection
FSInjectionInstall ...
- Our FSI_SIMPLE_FILE_SYSTEM_PROTOCOL installed on handle: CF62C518
FSInjectionInstall ...
- Our FSI_SIMPLE_FILE_SYSTEM_PROTOCOL installed on handle: CF62C518
26:734  0:045  Use origin smbios table type 1 guid.
26:735  0:000  Preparing kexts injection for arch=x86_64 from EFI\CLOVER\kexts\Other
26:743  0:008    Extra kext: EFI\CLOVER\kexts\Other\ApplePS2SmartTouchPad.kext
26:769  0:026      Extra PlugIn kext: EFI\CLOVER\kexts\Other\ApplePS2SmartTouchPad.kext\Contents\PlugIns\ApplePS2Controller.kext
26:775  0:005      Extra PlugIn kext: EFI\CLOVER\kexts\Other\ApplePS2SmartTouchPad.kext\Contents\PlugIns\ApplePS2Keyboard.kext
26:783  0:008    Extra kext: EFI\CLOVER\kexts\Other\FakeSMC_ACPISensors.kext
26:799  0:015    Extra kext: EFI\CLOVER\kexts\Other\FakeSMC_CPUSensors.kext
26:805  0:005    Extra kext: EFI\CLOVER\kexts\Other\FakeSMC_GPUSensors.kext
26:811  0:006    Extra kext: EFI\CLOVER\kexts\Other\FakeSMC_LPCSensors.kext
26:862  0:050    Extra kext: EFI\CLOVER\kexts\Other\FakeSMC.kext
26:883  0:021    Extra kext: EFI\CLOVER\kexts\Other\NullCPUPowerManagement.kext
26:906  0:022    Extra kext: EFI\CLOVER\kexts\Other\FakePCIID_AR9280_as_AR946x.kext
26:916  0:010    Extra kext: EFI\CLOVER\kexts\Other\FakePCIID_BCM57XX_as_BCM57765.kext
26:926  0:010    Extra kext: EFI\CLOVER\kexts\Other\FakePCIID_Broadcom_WiFi.kext
26:934  0:008    Extra kext: EFI\CLOVER\kexts\Other\FakePCIID_Intel_GbX.kext
26:940  0:005    Extra kext: EFI\CLOVER\kexts\Other\FakePCIID_Intel_HD_Graphics.kext
26:948  0:007    Extra kext: EFI\CLOVER\kexts\Other\FakePCIID_Intel_HDMI_Audio.kext
26:955  0:006    Extra kext: EFI\CLOVER\kexts\Other\FakePCIID_XHCIMux.kext
26:966  0:011    Extra kext: EFI\CLOVER\kexts\Other\FakePCIID.kext
26:974  0:007    Extra kext: EFI\CLOVER\kexts\Other\VoodooHDA.kext
27:044  0:069  Preparing kexts injection for arch=x86_64 from EFI\CLOVER\kexts\10.11
27:045  0:001    Extra kext: EFI\CLOVER\kexts\10.11\FakePCIID_AR9280_as_AR946x.kext
27:050  0:005    Extra kext: EFI\CLOVER\kexts\10.11\FakePCIID_BCM57XX_as_BCM57765.kext
27:063  0:013    Extra kext: EFI\CLOVER\kexts\10.11\FakePCIID_Broadcom_WiFi.kext
27:068  0:005    Extra kext: EFI\CLOVER\kexts\10.11\FakePCIID_Intel_GbX.kext
27:073  0:004    Extra kext: EFI\CLOVER\kexts\10.11\FakePCIID_Intel_HD_Graphics.kext
27:079  0:006    Extra kext: EFI\CLOVER\kexts\10.11\FakePCIID_Intel_HDMI_Audio.kext
27:086  0:006    Extra kext: EFI\CLOVER\kexts\10.11\FakePCIID_XHCIMux.kext
27:093  0:007    Extra kext: EFI\CLOVER\kexts\10.11\FakePCIID.kext
27:101  0:007    Extra kext: EFI\CLOVER\kexts\10.11\FakeSMC_ACPISensors.kext
27:113  0:011    Extra kext: EFI\CLOVER\kexts\10.11\FakeSMC_CPUSensors.kext
27:121  0:008    Extra kext: EFI\CLOVER\kexts\10.11\FakeSMC_GPUSensors.kext
27:131  0:009    Extra kext: EFI\CLOVER\kexts\10.11\FakeSMC_LPCSensors.kext
27:226  0:095    Extra kext: EFI\CLOVER\kexts\10.11\FakeSMC.kext
27:236  0:009    Extra kext: EFI\CLOVER\kexts\10.11\NullCPUPowerManagement.kext
27:278  0:042    Extra kext: EFI\CLOVER\kexts\10.11\VoodooHDA.kext
27:310  0:031    Extra kext: EFI\CLOVER\kexts\10.11\ApplePS2SmartTouchPad.kext
27:360  0:050      Extra PlugIn kext: EFI\CLOVER\kexts\10.11\ApplePS2SmartTouchPad.kext\Contents\PlugIns\ApplePS2Controller.kext
27:368  0:007      Extra PlugIn kext: EFI\CLOVER\kexts\10.11\ApplePS2SmartTouchPad.kext\Contents\PlugIns\ApplePS2Keyboard.kext
27:390  0:022  SetStartupDiskVolume:
27:390  0:000    * Volume: 'os'
27:390  0:000    * LoaderPath: '<null string>'
27:390  0:000    * DevPath: os
27:390  0:000    * GUID = 8C43EBB9-73B6-4893-A0D6-027C347CD3E9
27:390  0:000    * efi-boot-device: <array><dict><key>IOMatch</key><dict><key>IOProviderClass</key><string>IOMedia</string><key>IOPropertyMatch</key><dict><key>UUID</key><string>8C43EBB9-73B6-4893-A0D6-027C347CD3E9</string></dict></dict></dict></array>
27:391  0:000  Custom boot is disabled
27:391  0:000  Closing log
